modules/expo-portion-capture/android/build/intermediates/manifest_merge_blame_file/debug/processDebugManifest/manifest-merger-blame-debug-report.txt
1<?xml version="1.0" encoding="utf-8"?>
2<manifest xmlns:android="http://schemas.android.com/apk/res/android"
3    package="expo.modules.portioncapture" >
4
5    <uses-sdk android:minSdkVersion="24" />
6
7    <uses-permission android:name="android.permission.CAMERA" />
7-->src/main/AndroidManifest.xml:2:3-63
7-->src/main/AndroidManifest.xml:2:20-60
8
9    <uses-feature
9-->src/main/AndroidManifest.xml:3:3-86
10        android:name="android.hardware.camera.ar"
10-->src/main/AndroidManifest.xml:3:17-58
11        android:required="false" />
11-->src/main/AndroidManifest.xml:3:59-83
12
13    <application>
13-->src/main/AndroidManifest.xml:5:3-13:17
14        <meta-data
14-->src/main/AndroidManifest.xml:6:5-77
15            android:name="com.google.ar.core"
15-->src/main/AndroidManifest.xml:6:16-49
16            android:value="optional" />
16-->src/main/AndroidManifest.xml:6:50-74
17
18        <activity
18-->src/main/AndroidManifest.xml:7:5-12:78
19            android:name="expo.modules.portioncapture.ARCaptureActivity"
19-->src/main/AndroidManifest.xml:8:7-40
20            android:configChanges="orientation|screenSize|keyboardHidden"
20-->src/main/AndroidManifest.xml:11:7-68
21            android:exported="false"
21-->src/main/AndroidManifest.xml:9:7-31
22            android:screenOrientation="portrait"
22-->src/main/AndroidManifest.xml:10:7-43
23            android:theme="@android:style/Theme.Material.NoActionBar.Fullscreen" />
23-->src/main/AndroidManifest.xml:12:7-75
24    </application>
25
26</manifest>